       /****************************************************************/
       /*                                                              */
       /*            Platform: ic_shell (Cygwin 32bit)                 */
       /*            Compilation Time: 5:58 PM, 4-Sep-14               */
       /*            Version: 2014.0903.eng                            */
       /*                                                              */
       /*                        CME, Inc.                             */
       /*          Copyright (c), 2014. All Rights Reserved.           */
       /*                                                              */
       /* This program  contains  the  proprietary  and   confidential */
       /* information of CME, Inc.  Any disclosure                     */
       /* or reproduction of this program, without the  prior  consent */
       /* of CME, Inc. is  strictly  prohibited.                       */
       /*                                                              */
       /*             Invocation Time:  9:05 PM, 19-May-15             */
       /*                                                              */
       /****************************************************************/
INFO:    The "INCENTIA" environment variable rather than "DESIGNCRAFT" is
         set. Using INCENTIA instead ...
INFO:    Processing command script file '../scripts/syn.tcl'...
INFO:    Create a new user variable 'is_gui_platform' = true. (CMD_INFO_005)
INFO:    Create a new user variable 'reportprogress' = reportProgress.exe.
         (CMD_INFO_005)
INFO:    Create a new user variable 'win_platform' = true. (CMD_INFO_005)
INFO:    Create a new user variable 'syn_dir' =
         /cygdrive/F/capital_micro/primace7.3/ast_frontend/. (CMD_INFO_005)
INFO:    Create a new user variable 'output_dir' = .. (CMD_INFO_005)
INFO:    Create a new user variable 'design_name' = demo_sd_to_lcd.
         (CMD_INFO_005)
INFO:    Create a new user variable 'outfile' = ./demo_sd_to_lcd.asv.
         (CMD_INFO_005)
INFO:    Create a new user variable 'bbox_lib' = syn_black_box_m7s.v.
         (CMD_INFO_005)
INFO:    Create a new user variable 'syn_vlog_src_in' = ../src/ahb_master.v
         ../src/colorbar_gen.v ../src/demo_sd_to_lcd.v ../src/emb_v1.v
         ../src/lvds_tx_v1.v ../src/mcu_armcm3.v ../src/pll_v1.v
         ../src/sdram_to_RGB.v ../src/por_v1_1.v ../src/gbuf_v1_1.v
         ../src/Cal_v1.v ../src/coefcal_v3.v ../src/divider_v2.v
         ../src/emb_16_2k.v ../src/inputCtrl.v ../src/ramFifo.v
         ../src/scaler1.0.v ../src/scalerForM7.v. (CMD_INFO_005)
CMD:     set search_path { . ../src }
0
INFO:    Create a new user variable 'extract_latch' = true. (CMD_INFO_005)
INFO:    Create a new user variable 'fca_en' = true. (CMD_INFO_005)
INFO:    Create a new user variable 'resource_expand_bits' = 6. (CMD_INFO_005)
INFO:    Create a new user variable 'fcc_en' = true. (CMD_INFO_005)
INFO:    Create a new user variable 'extract_ram' = false. (CMD_INFO_005)
INFO:    Create a new user variable 'extract_mem_size' = 3. (CMD_INFO_005)
INFO:    Create a new user variable 'keep_hierarchy_en' = 0. (CMD_INFO_005)
CMD:     source "$env(AST_FRONTEND)/agate/syn_base.tcl"
INFO:    Sourcing file
         /cygdrive/F/capital_micro/primace7.3/ast_frontend//agate/syn_base.tcl.
         (CMD_INFO_004)

CMD:     set_env _older_extract_ram_behavior
0
CMD:     set exit_on_error false
0
CMD:     set report_message_summary true
0
CMD:     set_message_level -level error RTLW_MDM_001 
0
INFO:    Create a new user variable 'enable_low' = 0. (CMD_INFO_005)
INFO:    Create a new user variable 'syn_db' =
         cswitch_ast_frontend_griffin_2.0_cygwin.db. (CMD_INFO_005)
INFO:    Create a new user variable 'dontuseprims' =
         /cygdrive/F/capital_micro/primace7.3/ast_frontend//agate/dontuse_latch.tcl.
         (CMD_INFO_005)
CMD:     set report_message_summary true
0
CMD:     set optimize_for_agate mapped
CMD:     set hdl_resource_sharing        area
0
CMD:     set hdl_resource_sharing_effort high
0
0
CMD:     set_env _skip_copy_design
0
INFO:    Create a new user variable 'fcm_en' = true. (CMD_INFO_005)
INFO:    Create a new user variable 'push_register_en' = false. (CMD_INFO_005)
INFO:    Create a new user variable 'expand_en' = 0. (CMD_INFO_005)
INFO:    Create a new user variable 'bbox_en' = 1. (CMD_INFO_005)
INFO:    Create a new user variable 'gate_netlist_en' = 1. (CMD_INFO_005)
INFO:    Create a new user variable 'bbox_param' = bbox. (CMD_INFO_005)
INFO:    Create a new user variable 'gate_netlist_param' = gate_netlist.
         (CMD_INFO_005)
INFO:    Create a new user variable 'mux_opt_en' = false. (CMD_INFO_005)
INFO:    Create a new user variable 'ipc_set_en' = true. (CMD_INFO_005)
CMD:     set_agate_option -keep_mux "$mux_opt_en $bbox_param
         $gate_netlist_param"
0
CMD:     set_agate_option -flatten_const_adder $fca_en
0
CMD:     set_agate_option -flatten_const_cmp $fcc_en
0
CMD:     set_agate_option -flatten_const_mult $fcm_en
0
CMD:     set_agate_option -carry_chain true
0
CMD:     set_agate_option -sweep_boundary true
0
CMD:     set_agate_option -push_register $push_register_en
0
CMD:     set_agate_option -keep_ipc_set "$ipc_set_en $bbox_param
         $gate_netlist_param"
0
CMD:     set link_design_black_box_as_error true
0
CMD:     set_delete_floating_output -remove_floating_design 
0
CMD:     set resource_expand_bit_width $resource_expand_bits
0
CMD:     set hdl_register_naming_format "%s__reg"
0
