0
0
0
0
0
0
0
0
0
0
0
0
0
0
0
0
0
0
0
0
0
0
0
Roots (top modules): pll_v1 mcu_armcm3 colorbar_gen ahb_master emb_v1
sdram_to_RGB lvds_tx_v1 demo_sd_to_lcd por_v1_1 gbuf_v1_1 mdivider coefCal
inputCtrl emb_16_2k ramFifo Cal scaler scalerForM7
Sequential/Tristate device inference:
module/UDP/ent: colorbar_gen
Line(s):1-62 File:
/cygdrive/g/大创/Scaler/Scaler_With_LCD/outputs/../src/colorbar_gen.v
==============================================================================
Hardware Name     Inst. Name         Type      Width    Bus Clk MB AS AR SS SR
------------------------------------------------------------------------------
h_cnt             h_cnt__reg          FF      [10:0]     Y   Y  -  N  Y  N  N 
h_valid           h_valid__reg        FF        [-]      N   Y  -  N  Y  N  N 
v_cnt             v_cnt__reg          FF       [9:0]     Y   Y  -  N  Y  N  N 
v_valid           v_valid__reg        FF        [-]      N   Y  -  N  Y  N  N 
==============================================================================
Sequential/Tristate device inference:
module/UDP/ent: ahb_master
Line(s):1-528 File:
/cygdrive/g/大创/Scaler/Scaler_With_LCD/outputs/../src/ahb_master.v
==============================================================================
Hardware Name     Inst. Name         Type      Width    Bus Clk MB AS AR SS SR
------------------------------------------------------------------------------
addr_count        addr_count__reg     FF       [7:0]     Y   Y  -  N  Y  N  N 
ahb_cs            ahb_cs__reg         FF       [2:0]     Y   Y  -  N  Y  N  N 
ahb_ns            I94                Wire      [2:0]     Y   N  -  -  -  -  - 
ahm_error         ahm_error__reg      FF        [-]      N   Y  -  N  Y  N  N 
ahm_rdata_push    ahm_rdata_push__    FF        [-]      N   Y  -  N  Y  N  N  reg                                                         
ahm_rdata_r       ahm_rdata_r__reg    FF      [31:0]     Y   Y  -  N  Y  N  N 
ahm_xfer_done     ahm_xfer_done__r    FF        [-]      N   Y  -  N  Y  Y  Y  eg                                                          
burst_size        I97                Wire      [7:0]     Y   N  -  -  -  -  - 
dma_cs            dma_cs__reg         FF       [1:0]     Y   Y  -  N  Y  N  N 
dma_eof_get       dma_eof_get__reg    FF        [-]      N   Y  -  N  Y  Y  Y 
dma_ns            I105               Wire      [1:0]     Y   N  -  -  -  -  - 
haddr_hi          haddr_hi__reg       FF      [21:0]     Y   Y  -  N  Y  N  N 
haddr_lo          haddr_lo__reg       FF       [7:0]     Y   Y  -  N  Y  N  N 
hburst_o          hburst_o__reg       FF       [2:0]     Y   Y  -  N  Y  Y  Y 
htrans_o          htrans_o__reg       FF       [1:0]     Y   Y  -  N  Y  N  Y 
hwdata_o          hwdata_o__reg       FF      [31:0]     Y   Y  -  N  Y  N  N 
hwrite_o          hwrite_o__reg       FF        [-]      N   Y  -  N  Y  N  N 
mx_addr           mx_addr__reg        FF      [31:2]     Y   Y  -  N  Y  N  N 
mx_done_r         mx_done_r__reg      FF        [-]      N   Y  -  N  Y  N  N 
prefetch_wdata_po prefetch_wdata_p    FF        [-]      N   Y  -  N  Y  Y  Y 
p                 op__reg                                                     
wdata_in_r        wdata_in_r__reg     FF      [31:0]     Y   Y  -  N  Y  N  N 
wdata_pop         wdata_pop__reg      FF        [-]      N   Y  -  N  Y  Y  N 
wdata_sel         wdata_sel__reg      FF        [-]      N   Y  -  N  Y  Y  Y 
xfer_count        xfer_count__reg     FF       [7:0]     Y   Y  -  N  Y  N  Y 
==============================================================================
Conditional statements statistics:
module/arch: ahb_master
Line:1-528 File:
/cygdrive/g/大创/Scaler/Scaler_With_LCD/outputs/../src/ahb_master.v
========================================================================
:           Line Type     With default    Complete   /  Exclusive  IMX :
------------------------------------------------------------------------
:            224 casez         Y            auto     /    auto     -   :
:            272 casez         Y            auto     /    auto     -   :
:            441 casez         Y            auto     /    auto     -   :
========================================================================
Sequential/Tristate device inference:
module/UDP/ent: sdram_to_RGB
Line(s):1-381 File:
/cygdrive/g/大创/Scaler/Scaler_With_LCD/outputs/../src/sdram_to_RGB.v
==============================================================================
Hardware Name     Inst. Name         Type      Width    Bus Clk MB AS AR SS SR
------------------------------------------------------------------------------
addr_cnt          addr_cnt__reg       FF      [10:0]     Y   Y  -  N  Y  N  Y 
ahm_rdata_push_wr ahm_rdata_push_w    FF        [-]      N   Y  -  N  Y  N  N 
0                 r0__reg                                                     
ahm_rdata_push_wr ahm_rdata_push_w    FF        [-]      N   Y  -  N  Y  N  N 
1                 r1__reg                                                     
ahm_rdata_r       ahm_rdata_r__reg    FF      [31:0]     Y   Y  -  N  Y  N  N 
bmp_fig_chg       bmp_fig_chg__reg    FF       [1:0]     Y   Y  -  N  Y  N  N 
bmp_fig_cnt       bmp_fig_cnt__reg    FF       [3:0]     Y   Y  -  N  Y  N  Y 
buffer_rd_sel     buffer_rd_sel__r    FF        [-]      N   Y  -  N  Y  N  N  eg                                                          
buffer_rd_sel_r   buffer_rd_sel_r_    FF       [1:0]     Y   Y  -  N  Y  N  N  _reg                                                        
buffer_wr_sel     buffer_wr_sel__r    FF        [-]      N   Y  -  N  Y  N  N  eg                                                          
de_i_r            de_i_r__reg         FF       [1:0]     Y   Y  -  N  Y  N  N 
de_i_r_sclk       de_i_r_sclk__reg    FF       [3:0]     Y   Y  -  N  Y  N  N 
de_i_start_pulse  de_i_start_pulse    FF        [-]      N   Y  -  N  Y  N  N  __reg                                                       
de_o              de_o__reg           FF        [-]      N   Y  -  N  Y  N  N 
display_before_bm display_before_b    FF        [-]      N   Y  -  Y  N  N  N 
p                 mp__reg                                                     
display_period_al display_period_a    FF        [-]      N   Y  -  N  Y  N  N 
ign               lign__reg                                                   
dma_addr          dma_addr__reg       FF      [31:0]     Y   Y  -  N  Y  N  N 
dma_start_xfer    dma_start_xfer__    FF        [-]      N   Y  -  N  Y  N  N  reg                                                         
dma_start_xfer_pr dma_start_xfer_p    FF        [-]      N   Y  -  N  Y  N  N 
ev                rev__reg                                                    
emb_addr_rd       emb_addr_rd__reg    FF       [9:0]     Y   Y  -  N  Y  N  N 
emb_addr_wr       emb_addr_wr__reg    FF       [8:0]     Y   Y  -  N  Y  N  N 
emb_addr_wr_r     emb_addr_wr_r__r    FF       [8:0]     Y   Y  -  N  Y  N  N  eg                                                          
emb_rdata_0_r     emb_rdata_0_r__r    FF      [15:0]     Y   Y  -  N  Y  N  N  eg                                                          
emb_rdata_1_r     emb_rdata_1_r__r    FF      [15:0]     Y   Y  -  N  Y  N  N  eg                                                          
emb_rdata_r       emb_rdata_r__reg    FF      [15:0]     Y   Y  -  N  Y  N  N 
other_1_beat_star other_1_beat_sta    FF        [-]      N   Y  -  N  Y  N  N 
t_pulse           rt_pulse__reg                                               
other_1_beat_vali other_1_beat_val    FF        [-]      N   Y  -  N  Y  Y  Y 
d                 id__reg                                                     
v_valid_r         v_valid_r__reg      FF       [1:0]     Y   Y  -  N  Y  N  N 
yEnd              yEnd__reg           FF       [9:0]     Y   Y  -  Y  N  N  N 
==============================================================================
Sequential/Tristate device inference:
module/UDP/ent: demo_sd_to_lcd
Line(s):3-170 File:
/cygdrive/g/大创/Scaler/Scaler_With_LCD/outputs/../src/demo_sd_to_lcd.v
==============================================================================
Hardware Name     Inst. Name         Type      Width    Bus Clk MB AS AR SS SR
------------------------------------------------------------------------------
rstn_final        rstn_final__reg     FF        [-]      N   Y  -  N  Y  Y  N 
==============================================================================
Sequential/Tristate device inference:
module/UDP/ent: mdivider
Line(s):3-55 File:
/cygdrive/g/大创/Scaler/Scaler_With_LCD/outputs/../src/divider_v2.v
==============================================================================
Hardware Name     Inst. Name         Type      Width    Bus Clk MB AS AR SS SR
------------------------------------------------------------------------------
divisor_a         divisor_a__reg    Latch     [16:0]     Y   Y  -  N  N  -  - 
ratio             I2544              Wire     [16:0]     Y   N  -  -  -  -  - 
remainder         I2561              Wire     [16:0]     Y   N  -  -  -  -  - 
shift_dividend    shift_dividend__  Latch     [33:0]     Y   Y  -  N  N  -  -  reg                                                         
==============================================================================
Sequential/Tristate device inference:
module/UDP/ent: coefCal
Line(s):10-106 File:
/cygdrive/g/大创/Scaler/Scaler_With_LCD/outputs/../src/coefcal_v3.v
==============================================================================
Hardware Name     Inst. Name         Type      Width    Bus Clk MB AS AR SS SR
------------------------------------------------------------------------------
frameRate         frameRate__reg      FF       [8:0]     Y   Y  -  N  N  N  N 
inEn              inEn__reg           FF        [-]      N   Y  -  N  N  N  N 
test              test__reg           FF      [32:0]     Y   Y  -  N  N  N  N 
work              work__reg           FF        [-]      N   Y  -  N  N  N  N 
working           working__reg        FF      [32:0]     Y   Y  -  N  N  N  N 
xDividend         xDividend__reg      FF      [16:0]     Y   Y  -  N  N  N  N 
xDivisor          xDivisor__reg       FF      [16:0]     Y   Y  -  N  N  N  N 
yDividend         yDividend__reg      FF      [16:0]     Y   Y  -  N  N  N  N 
yDivisor          yDivisor__reg       FF      [16:0]     Y   Y  -  N  N  N  N 
==============================================================================
Sequential/Tristate device inference:
module/UDP/ent: inputCtrl
Line(s):9-200 File:
/cygdrive/g/大创/Scaler/Scaler_With_LCD/outputs/../src/inputCtrl.v
==============================================================================
Hardware Name     Inst. Name         Type      Width    Bus Clk MB AS AR SS SR
------------------------------------------------------------------------------
dataOut           dataOut__reg      Tri-FF    [23:0]     Y   Y  -  N  N  N  Y 
h_valid           h_valid__reg        FF        [-]      N   Y  -  N  Y  Y  Y 
jmp               jmp__reg            FF        [-]      N   Y  -  N  Y  N  N 
ramWrtAddr        ramWrtAddr__reg     FF      [10:0]     Y   Y  -  Y  N  Y  N 
ramWrtEn          ramWrtEn__reg       FF        [-]      N   Y  -  N  Y  Y  Y 
row_switch        row_switch__reg     FF        [-]      N   Y  -  N  Y  Y  Y 
v_valid           v_valid__reg        FF        [-]      N   Y  -  N  Y  Y  Y 
xAddress          xAddress__reg       FF       [9:0]     Y   Y  -  N  Y  N  Y 
xCal              xCal__reg           FF      [15:0]     Y   Y  -  N  Y  N  Y 
xPreEn            xPreEn__reg         FF        [-]      N   Y  -  N  Y  N  Y 
yAddress          yAddress__reg       FF       [9:0]     Y   Y  -  N  Y  N  Y 
yCal              yCal__reg           FF      [15:0]     Y   Y  -  N  Y  N  Y 
yPreEn            yPreEn__reg         FF        [-]      N   Y  -  N  Y  N  Y 
==============================================================================
Sequential/Tristate device inference:
module/UDP/ent: emb_16_2k
Line(s):14-348 File:
/cygdrive/g/大创/Scaler/Scaler_With_LCD/outputs/../src/emb_16_2k.v
==============================================================================
Hardware Name     Inst. Name         Type      Width    Bus Clk MB AS AR SS SR
------------------------------------------------------------------------------
aa_reg            aa_reg__reg         FF       [0:0]     Y   Y  -  N  N  N  N 
ab_reg            ab_reg__reg         FF       [0:0]     Y   Y  -  N  N  N  N 
==============================================================================
Sequential/Tristate device inference:
module/UDP/ent: ramFifo
Line(s):9-235 File:
/cygdrive/g/大创/Scaler/Scaler_With_LCD/outputs/../src/ramFifo.v
==============================================================================
Hardware Name     Inst. Name         Type      Width    Bus Clk MB AS AR SS SR
------------------------------------------------------------------------------
fillCount         I5643              Wire      [2:0]     Y   N  -  -  -  -  - 
ramDataOutA                         Memory [15:0x15:0]0R Y   Y  -  -  -  -  -  0W                            
ramDataOutB                         Memory [15:0x15:0]0R Y   Y  -  -  -  -  -  0W                            
readSelect        I5646              Wire      [3:0]     Y   N  -  -  -  -  - 
writeSelect       I5650              Wire      [3:0]     Y   N  -  -  -  -  - 
==============================================================================
Sequential/Tristate device inference:
module/UDP/ent: Cal
Line(s):11-247 File:
/cygdrive/g/大创/Scaler/Scaler_With_LCD/outputs/../src/Cal_v1.v
==============================================================================
Hardware Name     Inst. Name         Type      Width    Bus Clk MB AS AR SS SR
------------------------------------------------------------------------------
HS                HS__reg             FF        [-]      N   Y  -  N  Y  N  N 
VSNormal          VSNormal__reg       FF        [-]      N   Y  -  N  Y  N  N 
enforceJmp        enforceJmp__reg     FF        [-]      N   Y  -  N  Y  Y  Y 
jmp1Normal        jmp1Normal__reg     FF        [-]      N   Y  -  N  Y  N  N 
jmp2Normal        jmp2Normal__reg     FF        [-]      N   Y  -  N  Y  N  N 
ramRdAddr         ramRdAddr__reg      FF      [10:0]     Y   Y  -  N  Y  N  Y 
u                 u__reg              FF      [16:0]     Y   Y  -  N  Y  N  Y 
uPreF             uPreF__reg          FF       [5:0]     Y   Y  -  N  Y  N  N 
v                 v__reg              FF      [16:0]     Y   Y  -  N  Y  N  N 
xAddress          xAddress__reg       FF      [10:0]     Y   Y  -  N  Y  N  Y 
yAddress          yAddress__reg       FF      [10:0]     Y   Y  -  Y  N  N  N 
==============================================================================
Conditional statements statistics:
module/arch: Cal
Line:11-247 File:
/cygdrive/g/大创/Scaler/Scaler_With_LCD/outputs/../src/Cal_v1.v
========================================================================
:           Line Type     With default    Complete   /  Exclusive  IMX :
------------------------------------------------------------------------
:            177 casez         Y            auto     /    auto     -   :
========================================================================
Sequential/Tristate device inference:
module/UDP/ent: scalerForM7
Line(s):1-91 File:
/cygdrive/g/大创/Scaler/Scaler_With_LCD/outputs/../src/scalerForM7.v
==============================================================================
Hardware Name     Inst. Name         Type      Width    Bus Clk MB AS AR SS SR
------------------------------------------------------------------------------
outXRes           I8426              Wire     [11:0]     Y   N  -  -  -  -  - 
outYRes           I8438              Wire     [11:0]     Y   N  -  -  -  -  - 
xEnd              I8450              Wire     [10:0]     Y   N  -  -  -  -  - 
==============================================================================
0
Roots (top modules): DELAY_BUF CALIO CFG_DYN_SWITCH CFG_DYN_SWITCH_S3 M7S_DLL
M7S_PLL CRYSTAL M7S_DGPIO DGPIO M7A_DM M7S_EMB5K M7A_JTAG M7A_MAC M7A_SPRAM
M7A_UART OSC M7S_EMB18K M7S_IO_CAL M7S_IO_DDR M7S_IO_DQS M7S_IO_LVDS
M7S_IO_PCISG M7S_IO_VREF GBUF RBUF GBUF_GATE RBUF_GATE M7S_SOC M7S_POR DDR_IO
IBUF OBUF TBUF BIBUF CLKBUF IBUFDS OBUFDS TBUFDS BIBUFDS CLKBUFDS
0
0
cswitch_typical/CS_DPRAM_FIFO_PRIM 
0
0
cswitch_typical/CS_DPRAM_PRIM 
0
0
cswitch_typical/CS_DPRAM_PRIM_DO_A_REG0_DO_B_REG0 
0
0
cswitch_typical/CS_DPRAM_PRIM_DO_A_REG0_DO_B_REG1 
0
0
cswitch_typical/CS_DPRAM_PRIM_DO_A_REG1_DO_B_REG0 
0
0
cswitch_typical/CS_DPRAM_PRIM_DO_A_REG1_DO_B_REG1 
0
0
cswitch_typical/CS_LUT4_PRIM 
0
0
cswitch_typical/CS_MUXL5_PRIM 
0
0
cswitch_typical/CS_MUXCO_PRIM 
0
0
cswitch_typical/CS_XORCI_PRIM 
0
0
cswitch_typical/CS_LAT_PRIM 
0
0
cswitch_typical/CS_IBUF_PRIM 
0
0
cswitch_typical/IBUF 
0
0
cswitch_typical/TBUF 
0
0
cswitch_typical/DCC_BEG 
0
0
cswitch_typical/DCC_END 
0
0
cswitch_typical/DCC_POSTSHUFFLE 
0
0
cswitch_typical/DCC_PRESHUFFLE 
0
0
cswitch_typical/CS_OBUF_PRIM 
0
0
cswitch_typical/CS_IOBUF_PRIM 
0
0
cswitch_typical/CS_DIFFIBUF_PRIM 
0
0
cswitch_typical/CS_DIFFIOBUF_PRIM 
0
0
cswitch_typical/CS_DIFFOBUF_PRIM 
0
0
cswitch_typical/CS_DIFFOBUFT_PRIM 
0
0
cswitch_typical/CS_OBUFT_PRIM 
0
0
cswitch_typical/CS_LRAM64_PRIM 
0
0
0
0
0
0
cswitch_typical/CS_REG_CLK_PRIM 
0
0
cswitch_typical/CS_LATA_CLK_PRIM 
0
0
cswitch_typical/CS_LATA_E_PRIM 
0
0
cswitch_typical/CS_LATA_S_PRIM 
0
0
cswitch_typical/CS_LATA_R_PRIM 
0
0
cswitch_typical/CS_LATA_SE_PRIM 
0
0
cswitch_typical/CS_LATA_RE_PRIM 
0
0
cswitch_typical/CS_LATA_RS_PRIM 
0
0
0
0
0
0
cswitch_typical/LUT_XOR 
0
0
cswitch_typical/LUT_XNOR 
0
0
cswitch_typical/LUT_MUX 
0
0
cswitch_typical/CS_ADDSUB2 
0
0
cswitch_typical/CS_ADDSUB4 
0
0
cswitch_typical/CS_MAC 
0
0
cswitch_typical/CS_MULTIPLIER 
0
0
cswitch_typical/CS_DCC_BEG_PRIM 
0
0
cswitch_typical/CS_DCC_END_PRIM 
0
0
cswitch_typical/CS_DCC_LATENCY_PRIM 
0
0
cswitch_typical/CS_ECC_DECODE_PRIM 
0
0
cswitch_typical/CS_ECC_ENCODE_PRIM 
0
0
cswitch_typical/CS_RXD_DLL_PRIM 
0
0
cswitch_typical/CS_TXC_DLL_PRIM 
0
0
0
0
0
0
0
0
0
0
0
0
cswitch_typical/CS_RAU_PRIM 
0
0
0
0
cswitch_typical/CS_CLKTREE_PRIM 
0
0
0
0
0
0
0
0
0
0
0
0
0
0
0
0
0
0
0
0
0
0
0
0
0
0
cswitch_typical/CS_CBUF_DIV_PRIM 
0
0
cswitch_typical/CS_CBUF_LOCAL_PRIM 
0
0
cswitch_typical/CS_CBUF_PRIM 
0
0
cswitch_typical/CS_CBUF_RST_SYNC_PRIM 
0
0
cswitch_typical/CS_DCC_POSTSHUFFLE_PRIM 
0
0
cswitch_typical/CS_DCC_PRESHUFFLE_PRIM 
0
0
cswitch_typical/CS_GBUF_GLOBAL_PRIM 
0
0
cswitch_typical/CS_GBUF_PRIM 
0
0
cswitch_typical/CS_GBUF_SIMPLE_PRIM 
0
0
cswitch_typical/CS_MPQ_PRIM 
0
0
cswitch_typical/CS_PLL_PRIM 
0
0
cswitch_typical/CS_PP_PRIM 
0
0
cswitch_typical/CS_RCAM_PRIM 
0
0
cswitch_typical/CS_SPRAM_1X_PRIM 
0
0
cswitch_typical/CS_SPRAM_2X_PRIM 
0
0
cswitch_typical/CS_SPRAM_5X_PRIM 
0
0
cswitch_typical/CS_SPRAM_FIFO_1X_PRIM 
0
0
cswitch_typical/CS_SPRAM_FIFO_2X_PRIM 
0
0
cswitch_typical/CS_SPRAM_FIFO_4X_PRIM 
0
0
cswitch_typical/CS_SPRAM_FIFO_5X_PRIM 
0
0
0
0
cswitch_typical/CS_SPRAM_HD_1X_PRIM 
0
0
cswitch_typical/CS_SPRAM_HD_2X_PRIM 
0
0
cswitch_typical/CS_SPRAM_HD_5X_PRIM 
0
0
cswitch_typical/CS_SPRAM_HD_FIFO_1X_PRIM 
0
0
cswitch_typical/CS_SPRAM_HD_FIFO_2X_PRIM 
0
0
cswitch_typical/CS_SPRAM_HD_FIFO_4X_PRIM 
0
0
cswitch_typical/CS_SPRAM_HD_FIFO_5X_PRIM 
0
0
0
0
cswitch_typical/CS_MEMC_PRIM 
0
0
cswitch_typical/CS_MEMC_RX_PUSH_BUF_PRIM 
0
0
cswitch_typical/CS_MEMC_TX_POP_BUF_PRIM 
0
0
0
------------------------- pll_v1 mcu_armcm3 colorbar_gen ahb_master emb_v1 sdram_to_RGB lvds_tx_v1 demo_sd_to_lcd por_v1_1 gbuf_v1_1 mdivider coefCal
--->inputCtrl emb_16_2k ramFifo Cal scaler scalerForM7 DELAY_BUF CALIO CFG_DYN_SWITCH CFG_DYN_SWITCH_S3 M7S_DLL M7S_PLL CRYSTAL M7S_DGPIO DGPIO M7A_DM M7S_EMB5K M7A_JTAG M7A_MAC M7A_SPRAM M7A_UART OSC M7S_EMB18K M7S_IO_CAL M7S_IO_DDR M7S_IO_DQS M7S_IO_LVDS M7S_IO_PCISG M7S_IO_VREF GBUF RBUF GBUF_GATE RBUF_GATE M7S_SOC M7S_POR DDR_IO IBUF OBUF TBUF BIBUF CLKBUF IBUFDS OBUFDS TBUFDS BIBUFDS CLKBUFDS
0
0
0
0
0
Beginning Hierarchical Optimization
===================================
 Optimizing Design inputCtrl (1 1)
 Optimizing Design inputCtrl_ipc_sub_block_10_1 (2 1)
 Optimizing Design inputCtrl_ipc_sub_block_10_3 (3 1)
 Performing Logic Optimization
 Optimizing Design inputCtrl_ipc_sub_block_10_5 (4 1)
 Performing Logic Optimization
 Optimizing Design inputCtrl_ipc_sub_block_10_7 (5 1)
 Performing Logic Optimization
 Optimizing Design inputCtrl_ipc_add_block_16_0 (6 1)
 Optimizing Design inputCtrl_ipc_add_block_16_1 (7 1)
 Performing Logic Optimization
0
0
0
0
*******************************************************************************
* Report  : Report for agate                                                  *
* Command : report_for_agate -all                                             *
* Design  : inputCtrl                                                         *
* Version : 2014.0903.eng                                                     *
* Date    : 10:21 AM, 20-May-15                                               *
*******************************************************************************
*******************************************************************************
* Synthesis Options Summary                                                   *
*******************************************************************************
--- Source Parameters
Input File Name                    : /cygdrive/g/大创/Scaler/Scaler_With_LCD/outputs/../src/inputCtrl.v
Input Format                       : verilog
Ignore Synthesis Constraint File   : ---
--- Target Parameters
Output File Name                   : ./inputCtrl.asv
Output Format                      : verilog
Target Device                      : cswitch_typical
--- set_agate_option
-keep_mux                          : false
-flatten_const_cmp                 : true
-flatten_const_adder               : true
-flatten_const_mult                : true
-opt_bdry_cmp                      : false
-opt_bdry_adder                    : false
-carry_chain                       : true
-sweep_boundary                    : true
-extract_ram                       : false
-extract_rom                       : false
-push_register                     : false
-mux_register_map                  : false
-keep_mult                         : true
-keep_sum                          : true
--- Source Options
Top Module Name                    : inputCtrl
Automatic FSM Extraction           : no
FSM Encoding Algorithm             : ---
Safe Implementation                : ---
FSM Style                          : ---
RAM Extraction                     : no
RAM Style                          : ---
ROM Extraction                     : no
ROM Style                          : ---
MUX Extraction                     : no
MUX Style                          : ---
MULT Extraction                    : yes
MULT Style                         : ---
SUM Extraction                     : yes
SUM Style                          : ---
Decoder Extraction                 : no
Priority Encoder Extraction        : no
Shift Register Extraction          : no
Logical Shifter Extraction         : no
XOR Collapsing                     : no
Resource Sharing                   : yes
Asynchronous To Synchronous        : yes
Use DSP Block                      : no
Automatic Register Balancing       : no
--- Target Options
Add IO Buffers                     : no
Global Maximum Fanout              : unlimited
Add Generic Clock Buffer(BUFG)     : no
Register Duplication               : no
Slice Packing                      : ---
Optimize Instantiated Primitives   : ---
Use Clock Enable                   : no
Use Synchronous Set                : no
Use Synchronous Reset              : no
Pack IO Registers into IOBs        : no
Equivalent Register Removal        : no
--- Generic Options
Optimization Goal                  : timing
Optimization Effort                : high
Power Reduction                    : no
Library Search Order               : .
Keep Hierarchy                     : no
RTL Output                         : no
Global Optimization                : ---
Read Cores                         : ---
Write Timing Constraints           : ---
Cross Clock Analysis               : ---
Hierarchy Separator                : /
Bus Delimiter                      : :
Case Specifier                     : ---
Slice Utilization Ratio            : ---
BRAM Utilization Ratio             : ---
DSP48 Utilization Ratio            : ---
Verilog 2001                       : yes
Auto BRAM Packing                  : no
Slice Utilization Ratio Delta      : ---
*******************************************************************************
* Advanced HDL Synthesis                                                      *
*******************************************************************************
*******************************************************************************
* IPC block Summary                                                           *
*******************************************************************************
Add/Sub Block                      : 6 10-bit comparator              : 4 16-bit adder                   : 2
0
Memory Usage: peak is 55.278M, current is 56.513M   
0
Warning/Error message (message ID)                                     Number
-----------------------------------------------------------------------------
WARNING:                                              (GET_WARN_3)         24
No  matches search pattern ""
WARNING:                                               (OPT_W_003)          4
Design instance '' in '' is removed due to non-observable output.
WARNING:                                           (RTLW_XSYN_001)          1
WARNING:                                          (RTLW_XPORT_001)          2
WARNING:                                         (RTLW_MISSEN_001)         15
WARNING:                                           (RTLW_IPCK_001)          4
WARNING:                                          (RTLW_ASYNL_001)         29
WARNING:                                         (RTLW_MXASGN_001)          2
WARNING:                                     (RTLW_XASYNCINIT_001)         60
ERROR:                                          (RTLE_MSEQDEV_001)          1
-----------------------------------------------------------------------------
Errors: 1, Warnings: 141
CPU time: 8.86 sec
Quit ic_shell.  Thank you!
